---------------------------------------------------------------

[2019-11-11T21:50:44+08:00] 127.0.0.1 GET www.story.com/admin/login
[运行时间：0.144440s] [吞吐率：6.92req/s] [内存消耗：857.40kb] [文件加载：42]
[ info ] [ LANG ] D:\working\story\admin-story\thinkphp\lang\zh-cn.php
[ error ] [8192]Non-static method think\Route::group() should not be called statically[D:\working\story\admin-story\route\route.php:17]
---------------------------------------------------------------

[2019-11-11T21:52:21+08:00] ::1 GET localhost:8080/
[运行时间：0.107317s] [吞吐率：9.32req/s] [内存消耗：857.80kb] [文件加载：43]
[ info ] [ LANG ] D:\working\story\admin-story\thinkphp\lang\zh-cn.php
[ error ] [8192]Non-static method think\Route::group() should not be called statically[D:\working\story\admin-story\route\route.php:17]
---------------------------------------------------------------

[2019-11-11T22:01:03+08:00] 127.0.0.1 GET www.story.com/admin/login
[运行时间：0.069567s] [吞吐率：14.37req/s] [内存消耗：857.39kb] [文件加载：42]
[ info ] [ LANG ] D:\working\story\admin-story\thinkphp\lang\zh-cn.php
[ error ] [8192]Non-static method think\Route::group() should not be called statically[D:\working\story\admin-story\route\route.php:17]
---------------------------------------------------------------

[2019-11-11T22:01:40+08:00] 127.0.0.1 GET www.story.com/admin/login
[运行时间：0.071323s] [吞吐率：14.02req/s] [内存消耗：857.39kb] [文件加载：42]
[ info ] [ LANG ] D:\working\story\admin-story\thinkphp\lang\zh-cn.php
[ error ] [8192]Non-static method think\Route::group() should not be called statically[D:\working\story\admin-story\route\route.php:17]
---------------------------------------------------------------

[2019-11-11T22:01:40+08:00] 127.0.0.1 GET www.story.com/admin/login
[运行时间：0.068784s] [吞吐率：14.54req/s] [内存消耗：857.39kb] [文件加载：42]
[ info ] [ LANG ] D:\working\story\admin-story\thinkphp\lang\zh-cn.php
[ error ] [8192]Non-static method think\Route::group() should not be called statically[D:\working\story\admin-story\route\route.php:17]
---------------------------------------------------------------

[2019-11-11T22:02:12+08:00] 127.0.0.1 GET www.story.com/admin/login
[运行时间：0.353184s] [吞吐率：2.83req/s] [内存消耗：1,750.85kb] [文件加载：63]
[ info ] [ LANG ] D:\working\story\admin-story\thinkphp\lang\zh-cn.php
[ info ] [ ROUTE ] array (
  'rule' => 'admin/login',
  'route' => 'admin/Login/login',
  'option' => 
  array (
    'merge_rule_regex' => false,
  ),
  'var' => 
  array (
  ),
)
[ info ] [ HEADER ] array (
  'cookie' => 'pgv_pvi=1370745856',
  'accept-language' => 'zh-CN,zh;q=0.9,en;q=0.8',
  'accept-encoding' => 'gzip, deflate',
  'accept' => 'text/html,application/xhtml+xml,application/xml;q=0.9,image/webp,image/apng,*/*;q=0.8,application/signed-exchange;v=b3',
  'user-agent' => 'Mozilla/5.0 (Windows NT 10.0; Win64; x64) AppleWebKit/537.36 (KHTML, like Gecko) Chrome/78.0.3904.70 Safari/537.36',
  'upgrade-insecure-requests' => '1',
  'cache-control' => 'max-age=0',
  'connection' => 'keep-alive',
  'host' => 'www.story.com',
  'content-length' => '',
  'content-type' => '',
)
[ info ] [ PARAM ] array (
)
[ error ] [0]模板文件不存在:D:\working\story\admin-story\application\admin\view\Login\index.html[D:\working\story\admin-story\thinkphp\library\think\view\driver\Think.php:86]
---------------------------------------------------------------

[2019-11-11T22:02:30+08:00] 127.0.0.1 GET www.story.com/admin/login
[运行时间：0.148613s] [吞吐率：6.73req/s] [内存消耗：1,839.26kb] [文件加载：62]
[ info ] [ LANG ] D:\working\story\admin-story\thinkphp\lang\zh-cn.php
[ info ] [ ROUTE ] array (
  'rule' => 'admin/login',
  'route' => 'admin/Login/login',
  'option' => 
  array (
    'merge_rule_regex' => false,
  ),
  'var' => 
  array (
  ),
)
[ info ] [ HEADER ] array (
  'cookie' => 'pgv_pvi=1370745856',
  'accept-language' => 'zh-CN,zh;q=0.9,en;q=0.8',
  'accept-encoding' => 'gzip, deflate',
  'accept' => 'text/html,application/xhtml+xml,application/xml;q=0.9,image/webp,image/apng,*/*;q=0.8,application/signed-exchange;v=b3',
  'user-agent' => 'Mozilla/5.0 (Windows NT 10.0; Win64; x64) AppleWebKit/537.36 (KHTML, like Gecko) Chrome/78.0.3904.70 Safari/537.36',
  'upgrade-insecure-requests' => '1',
  'cache-control' => 'max-age=0',
  'connection' => 'keep-alive',
  'host' => 'www.story.com',
  'content-length' => '',
  'content-type' => '',
)
[ info ] [ PARAM ] array (
)
[ info ] [ VIEW ] D:\working\story\admin-story\application\admin\view\Login\index.html [ array (
) ]
---------------------------------------------------------------

[2019-11-11T22:03:15+08:00] 127.0.0.1 GET www.story.com/admin/login
[运行时间：0.158717s] [吞吐率：6.30req/s] [内存消耗：1,839.88kb] [文件加载：62]
[ info ] [ LANG ] D:\working\story\admin-story\thinkphp\lang\zh-cn.php
[ info ] [ ROUTE ] array (
  'rule' => 'admin/login',
  'route' => 'admin/Login/login',
  'option' => 
  array (
    'merge_rule_regex' => false,
  ),
  'var' => 
  array (
  ),
)
[ info ] [ HEADER ] array (
  'cookie' => 'pgv_pvi=1370745856; Hm_lvt_b393d153aeb26b46e9431fabaf0f6190=1573480951; Hm_lpvt_b393d153aeb26b46e9431fabaf0f6190=1573480951',
  'accept-language' => 'zh-CN,zh;q=0.9,en;q=0.8',
  'accept-encoding' => 'gzip, deflate',
  'accept' => 'text/html,application/xhtml+xml,application/xml;q=0.9,image/webp,image/apng,*/*;q=0.8,application/signed-exchange;v=b3',
  'user-agent' => 'Mozilla/5.0 (Windows NT 10.0; Win64; x64) AppleWebKit/537.36 (KHTML, like Gecko) Chrome/78.0.3904.70 Safari/537.36',
  'upgrade-insecure-requests' => '1',
  'cache-control' => 'max-age=0',
  'connection' => 'keep-alive',
  'host' => 'www.story.com',
  'content-length' => '',
  'content-type' => '',
)
[ info ] [ PARAM ] array (
)
[ info ] [ VIEW ] D:\working\story\admin-story\application\admin\view\Login\index.html [ array (
) ]
